<-- 0 HEAD
--> 0|HEAD|Y|
<-- 1 SOUR Family Echo
--> 1|SOUR|N|Family Echo
<-- 2 WWW http://www.familyecho.com/
--> 2|WWW|N|http://www.familyecho.com/
<-- 1 FILE My Family
--> 1|FILE|N|My Family
<-- 1 DATE 7 FEB 2022
--> 1|DATE|Y|7 FEB 2022
<-- 1 DEST ANSTFILE
--> 1|DEST|N|ANSTFILE
<-- 1 GEDC
--> 1|GEDC|N|
<-- 2 VERS 5.5.1
--> 2|VERS|N|5.5.1
<-- 2 FORM LINEAGE-LINKED
--> 2|FORM|N|LINEAGE-LINKED
<-- 1 SUBM @I1@
--> 1|SUBM|N|@I1@
<-- 2 NAME Justin O'Boyle
--> 2|NAME|Y|Justin O'Boyle
<-- 1 SUBN
--> 1|SUBN|N|
<-- 1 CHAR UTF-8
--> 1|CHAR|N|UTF-8
<-- 0 @I1@ INDI
--> 0|INDI|Y|@I1@
<-- 1 NAME Dave /Smith/
--> 1|NAME|Y|Dave /Smith/
<-- 2 GIVN Dave
--> 2|GIVN|N|Dave
<-- 2 SURN Smith
--> 2|SURN|N|Smith
<-- 2 _MARNM Smith
--> 2|_MARNM|N|Smith
<-- 1 SEX M
--> 1|SEX|Y|M
<-- 1 BIRT
--> 1|BIRT|Y|
<-- 2 DATE 1 APR 1890
--> 2|DATE|Y|1 APR 1890
<-- 1 DEAT Y
--> 1|DEAT|Y|Y
<-- 2 DATE 6 JUL 1957
--> 2|DATE|Y|6 JUL 1957
<-- 1 FAMS @F1@
--> 1|FAMS|Y|@F1@
<-- 0 @I2@ INDI
--> 0|INDI|Y|@I2@
<-- 1 NAME Abigail /Lorenza/
--> 1|NAME|Y|Abigail /Lorenza/
<-- 2 GIVN Abigail
--> 2|GIVN|N|Abigail
<-- 2 SURN Lorenza
--> 2|SURN|N|Lorenza
<-- 2 _MARNM Smith
--> 2|_MARNM|N|Smith
<-- 1 SEX F
--> 1|SEX|Y|F
<-- 1 BIRT
--> 1|BIRT|Y|
<-- 2 DATE 2 MAR 1871
--> 2|DATE|Y|2 MAR 1871
<-- 1 DEAT Y
--> 1|DEAT|Y|Y
<-- 2 DATE 6 MAY 1941
--> 2|DATE|Y|6 MAY 1941
<-- 1 FAMS @F1@
--> 1|FAMS|Y|@F1@
<-- 0 @I3@ INDI
--> 0|INDI|Y|@I3@
<-- 1 NAME Peter /Smith/
--> 1|NAME|Y|Peter /Smith/
<-- 2 GIVN Peter
--> 2|GIVN|N|Peter
<-- 2 SURN Smith
--> 2|SURN|N|Smith
<-- 2 _MARNM Smith
--> 2|_MARNM|N|Smith
<-- 1 SEX M
--> 1|SEX|Y|M
<-- 1 BIRT
--> 1|BIRT|Y|
<-- 2 DATE 6 MAY 1914
--> 2|DATE|Y|6 MAY 1914
<-- 1 FAMS @F2@
--> 1|FAMS|Y|@F2@
<-- 1 FAMS @F3@
--> 1|FAMS|Y|@F3@
<-- 1 FAMC @F1@
--> 1|FAMC|Y|@F1@
<-- 0 @I4@ INDI
--> 0|INDI|Y|@I4@
<-- 1 NAME Dave II /Smith/
--> 1|NAME|Y|Dave II /Smith/
<-- 2 GIVN Dave II
--> 2|GIVN|N|Dave II
<-- 2 SURN Smith
--> 2|SURN|N|Smith
<-- 2 _MARNM Smith
--> 2|_MARNM|N|Smith
<-- 1 SEX M
--> 1|SEX|Y|M
<-- 1 BIRT
--> 1|BIRT|Y|
<-- 2 DATE 3 FEB 1914
--> 2|DATE|Y|3 FEB 1914
<-- 1 FAMC @F1@
--> 1|FAMC|Y|@F1@
<-- 0 @I5@ INDI
--> 0|INDI|Y|@I5@
<-- 1 NAME Gabi /Wang/
--> 1|NAME|Y|Gabi /Wang/
<-- 2 GIVN Gabi
--> 2|GIVN|N|Gabi
<-- 2 SURN Wang
--> 2|SURN|N|Wang
<-- 1 SEX F
--> 1|SEX|Y|F
<-- 1 BIRT
--> 1|BIRT|Y|
<-- 2 DATE 11 MAR 1904
--> 2|DATE|Y|11 MAR 1904
<-- 1 DEAT Y
--> 1|DEAT|Y|Y
<-- 2 DATE 3 MAR 1940
--> 2|DATE|Y|3 MAR 1940
<-- 1 FAMS @F3@
--> 1|FAMS|Y|@F3@
<-- 0 @I6@ INDI
--> 0|INDI|Y|@I6@
<-- 1 NAME Camille /Saville/
--> 1|NAME|Y|Camille /Saville/
<-- 2 GIVN Camille
--> 2|GIVN|N|Camille
<-- 2 SURN Saville
--> 2|SURN|N|Saville
<-- 2 _MARNM Smith
--> 2|_MARNM|N|Smith
<-- 1 SEX F
--> 1|SEX|Y|F
<-- 1 BIRT
--> 1|BIRT|Y|
<-- 2 DATE 3 FEB 1914
--> 2|DATE|Y|3 FEB 1914
<-- 1 FAMS @F2@
--> 1|FAMS|Y|@F2@
<-- 0 @I7@ INDI
--> 0|INDI|Y|@I7@
<-- 1 NAME Daisy /Smith/
--> 1|NAME|Y|Daisy /Smith/
<-- 2 GIVN Daisy
--> 2|GIVN|N|Daisy
<-- 2 SURN Smith
--> 2|SURN|N|Smith
<-- 2 _MARNM Paulson
--> 2|_MARNM|N|Paulson
<-- 1 SEX F
--> 1|SEX|Y|F
<-- 1 BIRT
--> 1|BIRT|Y|
<-- 2 DATE 4 FEB 1945
--> 2|DATE|Y|4 FEB 1945
<-- 1 FAMS @F4@
--> 1|FAMS|Y|@F4@
<-- 1 FAMC @F2@
--> 1|FAMC|Y|@F2@
<-- 0 @I8@ INDI
--> 0|INDI|Y|@I8@
<-- 1 NAME Max /Paulson/
--> 1|NAME|Y|Max /Paulson/
<-- 2 GIVN Max
--> 2|GIVN|N|Max
<-- 2 SURN Paulson
--> 2|SURN|N|Paulson
<-- 2 _MARNM Paulson
--> 2|_MARNM|N|Paulson
<-- 1 SEX M
--> 1|SEX|Y|M
<-- 1 BIRT
--> 1|BIRT|Y|
<-- 2 DATE 2 MAY 1930
--> 2|DATE|Y|2 MAY 1930
<-- 1 FAMS @F4@
--> 1|FAMS|Y|@F4@
<-- 0 @I9@ INDI
--> 0|INDI|Y|@I9@
<-- 1 NAME Irene /Smith/
--> 1|NAME|Y|Irene /Smith/
<-- 2 GIVN Irene
--> 2|GIVN|N|Irene
<-- 2 SURN Smith
--> 2|SURN|N|Smith
<-- 1 SEX F
--> 1|SEX|Y|F
<-- 1 BIRT
--> 1|BIRT|Y|
<-- 2 DATE 3 MAR 1931
--> 2|DATE|Y|3 MAR 1931
<-- 1 FAMC @F3@
--> 1|FAMC|Y|@F3@
<-- 0 @F1@ FAM
--> 0|FAM|Y|@F1@
<-- 1 HUSB @I1@
--> 1|HUSB|Y|@I1@
<-- 1 WIFE @I2@
--> 1|WIFE|Y|@I2@
<-- 1 CHIL @I3@
--> 1|CHIL|Y|@I3@
<-- 1 CHIL @I4@
--> 1|CHIL|Y|@I4@
<-- 1 _CURRENT Y
--> 1|_CURRENT|N|Y
<-- 1 _PRIMARY Y
--> 1|_PRIMARY|N|Y
<-- 0 @F2@ FAM
--> 0|FAM|Y|@F2@
<-- 1 HUSB @I3@
--> 1|HUSB|Y|@I3@
<-- 1 WIFE @I6@
--> 1|WIFE|Y|@I6@
<-- 1 CHIL @I7@
--> 1|CHIL|Y|@I7@
<-- 1 _CURRENT Y
--> 1|_CURRENT|N|Y
<-- 1 _PRIMARY Y
--> 1|_PRIMARY|N|Y
<-- 0 @F3@ FAM
--> 0|FAM|Y|@F3@
<-- 1 HUSB @I3@
--> 1|HUSB|Y|@I3@
<-- 1 WIFE @I5@
--> 1|WIFE|Y|@I5@
<-- 1 CHIL @I9@
--> 1|CHIL|Y|@I9@
<-- 1 _CURRENT N
--> 1|_CURRENT|N|N
<-- 1 _PRIMARY N
--> 1|_PRIMARY|N|N
<-- 0 @F4@ FAM
--> 0|FAM|Y|@F4@
<-- 1 HUSB @I8@
--> 1|HUSB|Y|@I8@
<-- 1 WIFE @I7@
--> 1|WIFE|Y|@I7@
<-- 1 _CURRENT Y
--> 1|_CURRENT|N|Y
<-- 1 _PRIMARY Y
--> 1|_PRIMARY|N|Y
<-- 0 TRLR
--> 0|TRLR|Y|
